<?xml version="1.0" encoding="UTF-8"?>
<testng-results ignored="0" total="1" passed="1" failed="0" skipped="0">
  <reporter-output>
  </reporter-output>
  <suite started-at="2020-08-03T15:41:16 IST" name="Default suite" finished-at="2020-08-03T15:41:34 IST" duration-ms="18158">
    <groups>
    </groups>
    <test started-at="2020-08-03T15:41:16 IST" name="Default test" finished-at="2020-08-03T15:41:34 IST" duration-ms="18158">
      <class name="testlist.TestListNavigation">
        <test-method is-config="true" signature="initializeReport()[pri:0, instance:testlist.TestListNavigation@2abf4075]" started-at="2020-08-03T15:41:15 IST" name="initializeReport" finished-at="2020-08-03T15:41:16 IST" duration-ms="892" status="PASS">
          <reporter-output>
          </reporter-output>
        </test-method> <!-- initializeReport -->
        <test-method is-config="true" signature="InvokeBrowser()[pri:0, instance:testlist.TestListNavigation@2abf4075]" started-at="2020-08-03T15:41:16 IST" name="InvokeBrowser" finished-at="2020-08-03T15:41:25 IST" duration-ms="9026" status="PASS">
          <reporter-output>
          </reporter-output>
        </test-method> <!-- InvokeBrowser -->
        <test-method is-config="true" signature="openURL()[pri:0, instance:testlist.TestListNavigation@2abf4075]" started-at="2020-08-03T15:41:25 IST" name="openURL" finished-at="2020-08-03T15:41:31 IST" duration-ms="6667" status="PASS">
          <reporter-output>
          </reporter-output>
        </test-method> <!-- openURL -->
        <test-method signature="Navigation()[pri:0, instance:testlist.TestListNavigation@2abf4075]" started-at="2020-08-03T15:41:31 IST" name="Navigation" finished-at="2020-08-03T15:41:33 IST" duration-ms="1623" status="PASS">
          <reporter-output>
          </reporter-output>
        </test-method> <!-- Navigation -->
        <test-method is-config="true" signature="tearDown()[pri:0, instance:testlist.TestListNavigation@2abf4075]" started-at="2020-08-03T15:41:33 IST" name="tearDown" finished-at="2020-08-03T15:41:34 IST" duration-ms="746" status="PASS">
          <reporter-output>
          </reporter-output>
        </test-method> <!-- tearDown -->
        <test-method is-config="true" signature="flush()[pri:0, instance:testlist.TestListNavigation@2abf4075]" started-at="2020-08-03T15:41:34 IST" name="flush" finished-at="2020-08-03T15:41:36 IST" duration-ms="2010" status="PASS">
          <reporter-output>
          </reporter-output>
        </test-method> <!-- flush -->
      </class> <!-- testlist.TestListNavigation -->
    </test> <!-- Default test -->
  </suite> <!-- Default suite -->
</testng-results>
