<?xml version="1.0" encoding="UTF-8"?>
<testng-results ignored="0" total="1" passed="1" failed="0" skipped="0">
  <reporter-output>
  </reporter-output>
  <suite started-at="2020-07-09T11:47:20 IST" name="Default suite" finished-at="2020-07-09T11:47:38 IST" duration-ms="18034">
    <groups>
    </groups>
    <test started-at="2020-07-09T11:47:20 IST" name="Default test" finished-at="2020-07-09T11:47:38 IST" duration-ms="18034">
      <class name="testlist.TestListNavigation">
        <test-method is-config="true" signature="initializeReport()[pri:0, instance:testlist.TestListNavigation@865dd6]" started-at="2020-07-09T11:47:19 IST" name="initializeReport" finished-at="2020-07-09T11:47:20 IST" duration-ms="531" status="PASS">
          <reporter-output>
          </reporter-output>
        </test-method> <!-- initializeReport -->
        <test-method is-config="true" signature="InvokeBrowser()[pri:0, instance:testlist.TestListNavigation@865dd6]" started-at="2020-07-09T11:47:20 IST" name="InvokeBrowser" finished-at="2020-07-09T11:47:24 IST" duration-ms="4684" status="PASS">
          <reporter-output>
          </reporter-output>
        </test-method> <!-- InvokeBrowser -->
        <test-method is-config="true" signature="openURL()[pri:0, instance:testlist.TestListNavigation@865dd6]" started-at="2020-07-09T11:47:24 IST" name="openURL" finished-at="2020-07-09T11:47:34 IST" duration-ms="9819" status="PASS">
          <reporter-output>
          </reporter-output>
        </test-method> <!-- openURL -->
        <test-method signature="Navigation()[pri:0, instance:testlist.TestListNavigation@865dd6]" started-at="2020-07-09T11:47:34 IST" name="Navigation" finished-at="2020-07-09T11:47:36 IST" duration-ms="1824" status="PASS">
          <reporter-output>
          </reporter-output>
        </test-method> <!-- Navigation -->
        <test-method is-config="true" signature="tearDown()[pri:0, instance:testlist.TestListNavigation@865dd6]" started-at="2020-07-09T11:47:36 IST" name="tearDown" finished-at="2020-07-09T11:47:38 IST" duration-ms="1651" status="PASS">
          <reporter-output>
          </reporter-output>
        </test-method> <!-- tearDown -->
        <test-method is-config="true" signature="flush()[pri:0, instance:testlist.TestListNavigation@865dd6]" started-at="2020-07-09T11:47:38 IST" name="flush" finished-at="2020-07-09T11:47:39 IST" duration-ms="1390" status="PASS">
          <reporter-output>
          </reporter-output>
        </test-method> <!-- flush -->
      </class> <!-- testlist.TestListNavigation -->
    </test> <!-- Default test -->
  </suite> <!-- Default suite -->
</testng-results>
